Compilación iniciada a las 22/03/2017 0:30:04.
     1>Proyecto "E:\Program Files\Repositorios\GC\ProyectosIG-VS13\Hola\Hola.vcxproj" en el nodo 2 (Build destinos).
     1>ClCompile:
         C:\Program Files (x86)\Microsoft Visual Studio 12.0\VC\bin\CL.exe /c /ZI /nologo /W3 /WX- /sdl /Od /Oy- /D _CRT_SECURE_NO_WARNINGS /D _MBCS /Gm /EHsc /RTC1 /MDd /GS /fp:precise /Zc:wchar_t /Zc:forScope /Fo"Debug\\" /Fd"Debug\vc120.pdb" /Gd /TP /analyze- /errorReport:prompt escena.cpp main.cpp
         escena.cpp
     1>e:\program files\repositorios\gc\proyectosig-vs13\hola\escena.h(41): warning C4244: '=' : conversión de 'GLdouble' a 'GLfloat'; posible pérdida de datos
     1>e:\program files\repositorios\gc\proyectosig-vs13\hola\escena.h(42): warning C4244: '=' : conversión de 'GLdouble' a 'GLfloat'; posible pérdida de datos
     1>e:\program files\repositorios\gc\proyectosig-vs13\hola\escena.h(43): warning C4244: '=' : conversión de 'GLdouble' a 'GLfloat'; posible pérdida de datos
     1>e:\program files\repositorios\gc\proyectosig-vs13\hola\escena.h(44): warning C4244: '=' : conversión de 'GLdouble' a 'GLfloat'; posible pérdida de datos
     1>e:\program files\repositorios\gc\proyectosig-vs13\hola\escena.h(45): warning C4244: '=' : conversión de 'GLdouble' a 'GLfloat'; posible pérdida de datos
     1>e:\program files\repositorios\gc\proyectosig-vs13\hola\escena.h(46): warning C4244: '=' : conversión de 'GLdouble' a 'GLfloat'; posible pérdida de datos
     1>e:\program files\repositorios\gc\proyectosig-vs13\hola\escena.h(107): warning C4101: 'Px' : variable local sin referencia
     1>e:\program files\repositorios\gc\proyectosig-vs13\hola\escena.h(107): warning C4101: 'Pz' : variable local sin referencia
     1>e:\program files\repositorios\gc\proyectosig-vs13\hola\escena.h(107): warning C4101: 'Py' : variable local sin referencia
     1>e:\program files\repositorios\gc\proyectosig-vs13\hola\escena.h(107): warning C4101: 'Qx' : variable local sin referencia
     1>e:\program files\repositorios\gc\proyectosig-vs13\hola\escena.h(107): warning C4101: 'Qy' : variable local sin referencia
     1>e:\program files\repositorios\gc\proyectosig-vs13\hola\escena.h(107): warning C4101: 'Qz' : variable local sin referencia
         Generando código...
         Compilando...
         main.cpp
     1>e:\program files\repositorios\gc\proyectosig-vs13\hola\escena.h(41): warning C4244: '=' : conversión de 'GLdouble' a 'GLfloat'; posible pérdida de datos
     1>e:\program files\repositorios\gc\proyectosig-vs13\hola\escena.h(42): warning C4244: '=' : conversión de 'GLdouble' a 'GLfloat'; posible pérdida de datos
     1>e:\program files\repositorios\gc\proyectosig-vs13\hola\escena.h(43): warning C4244: '=' : conversión de 'GLdouble' a 'GLfloat'; posible pérdida de datos
     1>e:\program files\repositorios\gc\proyectosig-vs13\hola\escena.h(44): warning C4244: '=' : conversión de 'GLdouble' a 'GLfloat'; posible pérdida de datos
     1>e:\program files\repositorios\gc\proyectosig-vs13\hola\escena.h(45): warning C4244: '=' : conversión de 'GLdouble' a 'GLfloat'; posible pérdida de datos
     1>e:\program files\repositorios\gc\proyectosig-vs13\hola\escena.h(46): warning C4244: '=' : conversión de 'GLdouble' a 'GLfloat'; posible pérdida de datos
     1>e:\program files\repositorios\gc\proyectosig-vs13\hola\escena.h(107): warning C4101: 'Px' : variable local sin referencia
     1>e:\program files\repositorios\gc\proyectosig-vs13\hola\escena.h(107): warning C4101: 'Pz' : variable local sin referencia
     1>e:\program files\repositorios\gc\proyectosig-vs13\hola\escena.h(107): warning C4101: 'Py' : variable local sin referencia
     1>e:\program files\repositorios\gc\proyectosig-vs13\hola\escena.h(107): warning C4101: 'Qx' : variable local sin referencia
     1>e:\program files\repositorios\gc\proyectosig-vs13\hola\escena.h(107): warning C4101: 'Qy' : variable local sin referencia
     1>e:\program files\repositorios\gc\proyectosig-vs13\hola\escena.h(107): warning C4101: 'Qz' : variable local sin referencia
         Generando código...
       Link:
         C:\Program Files (x86)\Microsoft Visual Studio 12.0\VC\bin\link.exe /ERRORREPORT:PROMPT /OUT:"E:\Program Files\Repositorios\GC\ProyectosIG-VS13\bin\HolaDebug.exe" /INCREMENTAL /NOLOGO freeglut.lib kernel32.lib user32.lib gdi32.lib winspool.lib comdlg32.lib advapi32.lib shell32.lib ole32.lib oleaut32.lib uuid.lib odbc32.lib odbccp32.lib /MANIFEST /MANIFESTUAC:"level='asInvoker' uiAccess='false'" /manifest:embed /DEBUG /PDB:"E:\Program Files\Repositorios\GC\ProyectosIG-VS13\bin\HolaDebug.pdb" /SUBSYSTEM:CONSOLE /TLBID:1 /DYNAMICBASE /NXCOMPAT /IMPLIB:"E:\Program Files\Repositorios\GC\ProyectosIG-VS13\bin\HolaDebug.lib" /MACHINE:X86 Debug\escena.obj
         Debug\main.obj
         Debug\PixMap24RGB.obj
         Debug\Textura.obj
         Debug\TextureLoader.obj
         Debug\tipos.obj
         Hola.vcxproj -> E:\Program Files\Repositorios\GC\ProyectosIG-VS13\bin\HolaDebug.exe
     1>Compilación del proyecto terminada "E:\Program Files\Repositorios\GC\ProyectosIG-VS13\Hola\Hola.vcxproj" (Build destinos).

Compilación correcta.

Tiempo transcurrido 00:00:24.70
